<?xml version="1.0" encoding="UTF-8"?>
<!-- Generated by org.testng.reporters.JUnitReportReporter -->
<testsuite hostname="DESKTOP-A13OJS6" failures="0" tests="1" name="com.todos.tests.AddTodosTest" time="2.825" errors="0" timestamp="2024-05-07T01:09:40 AST" skipped="0">
  <testcase classname="com.todos.tests.AddTodosTest" name="iCanAddTodos" time="2.825"/>
  <system-out/>
</testsuite> <!-- com.todos.tests.AddTodosTest -->
